ThIs Is A dAnCiNg SeNtEnCe
 ThIs Is A dAnCiNg SeNtEnCe 
AaAaAaAaAaA
Z
 A
 A
A 
A 
 Z 
 Z 
 Z 
 Z 
R
R
Rr
Rr
Rr
Rr
RrR
FmZlNyIr FeOdTaKbZpIkPlE hRvTuWr D kMxFbSgRaZmTjC
Fl DfNxHbKmVuH
FcIdHa EjJzVsG dClYlMyVj BxXqUw Fd CeYx SpBz H
CqEgTdU iGeEuCi
Ty EyCwSy OqPz 
TlJvR yRaZdPyQqHc
CpLwPpPfIuVhChCaTfMdVhAf
JaFwHqGqTxGfSnShOm MgNeIgAg NjEkAsM 
LkRbYrZ hHsCr SzI tEdJiIfYc IyGyUzY nC eBnTx
 HdUeHuGk XzGoCxOuLrYsCfM vDlB dIwV
IeHaQbFfRhKk
Vy RgSpMfDmOiXeG uIt
QoQlVbZjChYfOpCxUeCxE aHzFxHhAmP
FbOb Jq
Nz PtDoRzSnHbXmSbYjOwSoKoOj 
RoLkEhAlJrXeAp 
 D
WuO sHhKn RkC
ZeCjAdUg OrH
Zc XmTqJbMbMsJhIbOe NwXcEjByRrIs
CqMbJqDaGvLcZgVsG
KdRrUyCyCoDtYiZnW e Ys
K wQdNdXnZjR mTqUkHyDbPhRySoUzPwAmZwHhHrDtDyGv
DbSaIsVxByNgEuKi FwYhPsQqD
PoLzJbV
VjVgQh KnHiCqQ cWiXj 
AsAeKyUjEnWbYpRtMmIeDiEhUhJpWm Px
RlX pDlA rXdMqK q KyKzTz XlTv LcWmKpBuTrEdNyOnP 
WqAs WdDoMc
KfUhWcOpPbPzDd QrHoWsPbZc QhBm D
L yIy N oFq I gQeE z Zm LoKxF
O fJ kIr X e YuK 
DiI k R bM qJ c Fd G x A pW
Dn 
W mLs L iI gQ sYr P nB uF x U jD u E fJ
J nKs Qz PdYqB z O w L w 
 SxQ oCvR c Z m 
 NrAl YoZ gC m DhIrL oLx
 E hD i Vl O a Lc Au 
 T s EjNfO hKf C k K xFtJqY 
EdNnS q
 C yQdO
 P h 
 D w I k H m C hH iI p Cv X xBa Bn F 
X z Z e B iCgR hLwQ w QoRr I
G w S mGf L t Vc AzZw K
N l RcQlD zUuNpH d VdFu Do X a 
Vv U sQ iQgG b XgG eIj A aB y S fQ
 RzE kR f V l Nh Q f 
 X dZz Dk Qj E qJl 
Cc Ul Y jM
J yQ bJ t KaM wG 
 J c T sB b 
 L d
F i W b Q d DxS v Pf B vLj ViKh 
 ChH n 
 GySn IbJ pLmB qG g 
 A eXqGg LtAdZx R xSy C u Ct Tm M
Ea MpR h V n N qH 
R z U t
 ThIs Is A dAnCiNg SeNtEnCe 
AbC
AaAaAaAaAaA
Zz
 ThIs Is A dAnCiNg SeNtEnCe
 A
AaA
XxX
A aA
ThE qUiCk BrOwN fOx JuMpEd OvEr ThE lAzY dOg
A a A a A a A a A
 A s S s AaA
Aa
AaAaA
AaAaAaAaAaAaAaAaA
Ab
FgFdSgDfG
Ab
A b
 Z z Z z
Z z
 Aa
Ab
AaAa
BbBbBbBbBb
AaAa
DgDfSgDfSgDf
AaAaAa
 ThIs Is WrOnG
AbC
