210.000000
10.000000
1.000000
0.250000
0.016667
0.001389
0.008333
0.041667
0.166667
0.500000
1.000000
1.000000
0.000000
-0.000000
0.000000
-0.000000
0.000397
0.002778
0.016667
0.083333
0.333333
1.000000
2.000000
2.000000
0.000000
-0.000000
0.000000
0.000149
0.001190
0.008333
0.050000
0.250000
1.000000
3.000000
6.000000
6.000000
0.000000
-0.000000
0.000066
0.000595
0.004762
0.033333
0.200000
1.000000
4.000000
12.000000
24.000000
24.000000
0.000000
0.000033
0.000331
0.002976
0.023810
0.166667
1.000000
5.000000
20.000000
60.000000
120.000000
120.000000
0.000018
0.000198
0.001984
0.017857
0.142857
1.000000
6.000000
30.000000
120.000000
360.000000
720.000000
0.000011
0.000126
0.001389
0.013889
0.125000
1.000000
7.000000
42.000000
210.000000
840.000000
2520.000000
0.000006
0.000084
0.001010
0.011111
0.111111
1.000000
8.000000
56.000000
336.000000
1680.000000
6720.000000
0.000004
0.000058
0.000758
0.009091
0.100000
1.000000
9.000000
72.000000
504.000000
3024.000000
15120.000000
0.000003
0.000042
0.000583
0.007576
0.090909
1.000000
10.000000
90.000000
720.000000
5040.000000
30240.000000
