3 8 -1 -2
11 -5 -1 -2
8 8 0 0 0 0 0 0 0 0 0 0 0 0 0 0
20 0 -4 4 -1 -1 1 1
3 -1
58 -4
115 160 25 -16
190 -104 -1 -35
154 83 145 98 -26 -79 47 84
125 208 -39 -110 17 70 17 33
412 34 9 95 64 -55 -8 17
77 173 37 27 22 97 127 68 47 -25 -29 5 -20 67 53 18
215 207 248 194 67 49 -68 -16 47 18 -50 71 -34 -20 -21 57
429 449 -145 89 -56 63 -45 -114 -21 75 -23 -6 14 -39 -15 5
930 -44 67 -61 47 -130 41 44 -19 -64 -29 -39 25 -80 5 -25
171 69 129 69 99 150 129 27 117 163 160 75 88 133 51 181 25 -51 -9 31 -51 -44 37 -19 -43 -29 -12 -17 46 -1 -3 -13
219 221 207 171 208 215 165 262 -41 65 49 -73 -108 -19 39 14 -45 22 -45 74 22 -31 -35 -50 -24 30 74 -21 -6 17 -60 -24
619 542 332 465 75 20 -38 -17 41 -16 -53 -65 -87 -9 110 67 2 -15 70 46 -72 -17 -14 -29 0 -17 -40 49 -1 37 -16 85
659 785 -19 -15 28 47 9 132 128 -20 83 -52 21 -100 34 82 -39 -13 1 31 30 37 -19 71 57 -36 44 -40 -48 -22 -60 22
1504 -368 -18 50 5 17 -19 -151 48 61 -53 -62 -29 42 26 53 -12 44 -24 -23 -51 -62 -8 36 34 -33 -17 -59 8 30 -17 54
25 3
146 150 32 -14
296 -4 32 -14
163 73 91 78 -9 -29 -47 -74
236 169 90 13 -9 -29 -47 -74
405 67 90 13 -9 -29 -47 -74
152 102 135 158 53 180 128 98 18 -18 51 0 -17 -18 40 50
254 293 233 226 50 -23 -127 30 18 -18 51 0 -17 -18 40 50
547 459 -39 7 50 -23 -127 30 18 -18 51 0 -17 -18 40 50
1006 88 -39 7 50 -23 -127 30 18 -18 51 0 -17 -18 40 50
171 116 166 106 137 94 15 49 162 159 100 87 67 104 76 90 13 -12 -8 -18 47 -58 9 -49 28 15 36 -21 37 54 18 -60
287 272 231 64 321 187 171 166 55 60 43 -34 3 13 -37 -14 13 -12 -8 -18 47 -58 9 -49 28 15 36 -21 37 54 18 -60
559 295 508 337 15 167 134 5 55 60 43 -34 3 13 -37 -14 13 -12 -8 -18 47 -58 9 -49 28 15 36 -21 37 54 18 -60
854 845 264 171 15 167 134 5 55 60 43 -34 3 13 -37 -14 13 -12 -8 -18 47 -58 9 -49 28 15 36 -21 37 54 18 -60
1699 9 264 171 15 167 134 5 55 60 43 -34 3 13 -37 -14 13 -12 -8 -18 47 -58 9 -49 28 15 36 -21 37 54 18 -60
80 0
94 94 0 0
192 0 0 0
120 120 120 120 0 0 0 0
384 384 0 0 0 0 0 0
576 0 0 0 0 0 0 0
100 100 100 100 100 100 100 100 0 0 0 0 0 0 0 0
284 284 284 284 0 0 0 0 0 0 0 0 0 0 0 0
544 544 0 0 0 0 0 0 0 0 0 0 0 0 0 0
1408 0 0 0 0 0 0 0 0 0 0 0 0 0 0 0
144 144 144 144 144 144 144 144 144 144 144 144 144 144 144 144 0 0 0 0 0 0 0 0 0 0 0 0 0 0 0 0
388 388 388 388 388 388 388 388 0 0 0 0 0 0 0 0 0 0 0 0 0 0 0 0 0 0 0 0 0 0 0 0
776 776 776 776 0 0 0 0 0 0 0 0 0 0 0 0 0 0 0 0 0 0 0 0 0 0 0 0 0 0 0 0
1520 1520 0 0 0 0 0 0 0 0 0 0 0 0 0 0 0 0 0 0 0 0 0 0 0 0 0 0 0 0 0 0
3200 0 0 0 0 0 0 0 0 0 0 0 0 0 0 0 0 0 0 0 0 0 0 0 0 0 0 0 0 0 0 0
20 0 -4 4 -1 -1 1 1
41 -19 -5 -2 -1 -2 -2 2
215 207 248 194 67 49 -68 -16 47 18 -50 71 -34 -20 -21 57
901 -61 -42 25 13 -55 13 -14 -99 -22 44 -55 43 -48 77 -49
422 442 8 54 67 49 -68 -16 47 18 -50 71 -34 -20 -21 57
173 100 -57 -2 34 33 -21 -1 -22 -4 -10 -5 10 11 -1 2
149 -67 -19 -16 -5 -2 -4 -4 -1 -2 -2 2 -1 -1 -1 -1
