2
-1
0
9
1471
-1
-1
999999999
0
2
5
4
5
3
6
8
3
5
252
269
244
5752
22141
8741
565335
1372028
1665196
16478979
5522898
8449377
147085
668099
1122552
511696
1899471
460236
1
1
1
1
1
2
1
1
1
1
1
1
1
1
1
1
1
1
-1
-1
-1
182520758
104601422
15053018
999999810
999999808
999999813
0
0
0
0
0
0
0
0
0
0
0
0
0
0
0
0
0
0
0
0
0
0
0
0
0
0
0
0
0
0
0
0
0
0
0
0
0
0
0
0
1
0
2
1
0
4
-1
-1
-1
0
0
0
999999483
0
999999634
0
1471
999994453
999999999
0
1
999999
999999999
999999999
999
874695
999999999
999999998
999999999
999999999
0
999999999
999999999
99
99
1
999999999
0
0
1
999999999
0
999999999
999999999
4
0
999999999
999999999
999999999
0
1
16
999999999
4
999999999
-1
-1
999999999
999999999
0
999999999
999999999
-1
0
2
0
0
-1
999876876
999999999
0
0
79
0
12344
-1
-1
0
121
0
0
0
0
6
0
5
1
0
1
0
1
899
0
999999999
999999999
999999999
1
0
0
0
0
999999999
999999999
43
1
9
0
99999999
0
999999999
54
99999999
3
0
999999999
7
0
999999998
0
999999998
0
1
0
0
-1
0
999999999
0
0
1
0
0
9
1
999999999
4
-1
4
999999999
0
0
-1
0
23
-1
0
999999998
99999999
0
-1
79
-1
999999998
4
999999999
999999997
0
0
-1
99999999
0
1
79
0
999999999
0
3
3
0
-1
999999999
0
0
199999999
0
0
999
0
7
0
-1
0
0
0
0
8
1
0
0
0
0
1
999999470
999999996
0
0
999999998
0
-1
0
0
0
4
0
999999998
0
999999999
-1
-1
0
0
0
999999999
0
54
0
876167122
1
0
999999999
0
-1
999999998
1
0
6
0
