{1}
{1, 1}
{2, 1}
{}
{1, 1}
{2}
{1, 1}
{2}
{1}
{1, 1}
{1}
{1, 1, 1, 1}
{1, 1}
{1, 1, 1}
{4, 1, 1}
{7, 2, 2}
{}
{1}
{4}
{12}
{5}
{10}
{15, 1}
{1}
{4}
{1}
{16, 1}
{2}
{6}
{1}
{6}
{2}
{17, 1}
{1}
{6}
{1}
{4}
{2}
{4}
{8, 1}
{27}
{8}
{51}
{16, 1}
{58}
{20, 1}
{41}
{3}
{7}
{13, 1}
{6}
{8}
{113}
{13}
{12}
{7, 1}
{3}
{7}
{1}
{1}
{1}
{1}
{1}
{625}
{193}
{184}
{179}
{200}
{1, 1, 1, 1, 1, 1, 1, 1, 1, 1, 1, 1, 1}
{2, 1}
{2, 1}
{39, 2, 1}
{50, 3, 2}
{2, 1}
{46, 2, 1, 1}
{11, 3, 1, 1, 1}
{1, 1, 1, 1, 1, 1, 1, 1, 1, 1, 1, 1, 1}
{5, 1}
{1, 1}
{521, 1, 1}
{3, 1, 1, 1, 1, 1, 1, 1, 1, 1, 1}
{}
{15, 1, 1, 1, 1}
{2, 1}
{20, 12}
{351, 2, 1, 1, 1, 1}
{3, 1}
{2, 1}
{1}
{317, 1}
{325}
{8, 2, 1}
{13, 7}
{121}
{519, 1}
{521, 1, 1}
{5, 2, 1}
{4, 1}
{615}
{5}
{625}
{625}
{506, 1}
{1, 1}
{3, 1}
{4, 2, 1, 1}
{1}
{14, 2, 2}
{575}
{625}
{2, 1}
{2}
{24, 3, 1}
{4}
{2}
{1, 1}
{2, 1, 1, 1}
{2, 1, 1}
{75, 2, 1, 1, 1}
{2, 1, 1}
{52, 1}
